{"/Users/pc/Documents/GitHub/battleship/src/shipFactory.js": {"path":"/Users/pc/Documents/GitHub/battleship/src/shipFactory.js","statementMap":{"0":{"start":{"line":1,"column":20},"end":{"line":15,"column":1}},"1":{"start":{"line":2,"column":20},"end":{"line":2,"column":22}},"2":{"start":{"line":3,"column":14},"end":{"line":5,"column":3}},"3":{"start":{"line":4,"column":4},"end":{"line":4,"column":26}},"4":{"start":{"line":7,"column":17},"end":{"line":7,"column":50}},"5":{"start":{"line":7,"column":23},"end":{"line":7,"column":50}},"6":{"start":{"line":9,"column":2},"end":{"line":14,"column":4}}},"fnMap":{"0":{"name":"(anonymous_0)","decl":{"start":{"line":1,"column":20},"end":{"line":1,"column":21}},"loc":{"start":{"line":1,"column":32},"end":{"line":15,"column":1}},"line":1},"1":{"name":"(anonymous_1)","decl":{"start":{"line":3,"column":14},"end":{"line":3,"column":15}},"loc":{"start":{"line":3,"column":25},"end":{"line":5,"column":3}},"line":3},"2":{"name":"(anonymous_2)","decl":{"start":{"line":7,"column":17},"end":{"line":7,"column":18}},"loc":{"start":{"line":7,"column":23},"end":{"line":7,"column":50}},"line":7}},"branchMap":{},"s":{"0":1,"1":3,"2":3,"3":3,"4":3,"5":2,"6":3},"f":{"0":3,"1":3,"2":2},"b":{},"_coverageSchema":"43e27e138ebf9cfc5966b082cf9a028302ed4184","hash":"c5e463c4c8887b0f2a7ecea232a5fbd66cbda919"}
}
