{"/Users/pc/Documents/GitHub/battleship/src/gameboardFactory.js": {"path":"/Users/pc/Documents/GitHub/battleship/src/gameboardFactory.js","statementMap":{"0":{"start":{"line":7,"column":25},"end":{"line":58,"column":1}},"1":{"start":{"line":8,"column":20},"end":{"line":8,"column":62}},"2":{"start":{"line":8,"column":48},"end":{"line":8,"column":61}},"3":{"start":{"line":10,"column":24},"end":{"line":12,"column":3}},"4":{"start":{"line":14,"column":20},"end":{"line":51,"column":3}},"5":{"start":{"line":15,"column":22},"end":{"line":15,"column":55}},"6":{"start":{"line":16,"column":17},"end":{"line":16,"column":22}},"7":{"start":{"line":17,"column":23},"end":{"line":17,"column":25}},"8":{"start":{"line":19,"column":4},"end":{"line":48,"column":5}},"9":{"start":{"line":20,"column":19},"end":{"line":20,"column":40}},"10":{"start":{"line":21,"column":19},"end":{"line":21,"column":40}},"11":{"start":{"line":23,"column":6},"end":{"line":47,"column":7}},"12":{"start":{"line":25,"column":8},"end":{"line":34,"column":9}},"13":{"start":{"line":25,"column":21},"end":{"line":25,"column":28}},"14":{"start":{"line":26,"column":10},"end":{"line":28,"column":11}},"15":{"start":{"line":27,"column":12},"end":{"line":27,"column":18}},"16":{"start":{"line":29,"column":10},"end":{"line":29,"column":39}},"17":{"start":{"line":30,"column":10},"end":{"line":30,"column":40}},"18":{"start":{"line":31,"column":10},"end":{"line":33,"column":11}},"19":{"start":{"line":32,"column":12},"end":{"line":32,"column":26}},"20":{"start":{"line":35,"column":13},"end":{"line":47,"column":7}},"21":{"start":{"line":37,"column":8},"end":{"line":46,"column":9}},"22":{"start":{"line":37,"column":21},"end":{"line":37,"column":28}},"23":{"start":{"line":38,"column":10},"end":{"line":40,"column":11}},"24":{"start":{"line":39,"column":12},"end":{"line":39,"column":18}},"25":{"start":{"line":41,"column":10},"end":{"line":41,"column":39}},"26":{"start":{"line":42,"column":10},"end":{"line":42,"column":40}},"27":{"start":{"line":43,"column":10},"end":{"line":45,"column":11}},"28":{"start":{"line":44,"column":12},"end":{"line":44,"column":26}},"29":{"start":{"line":49,"column":4},"end":{"line":49,"column":41}},"30":{"start":{"line":50,"column":4},"end":{"line":50,"column":22}},"31":{"start":{"line":53,"column":2},"end":{"line":57,"column":4}}},"fnMap":{"0":{"name":"(anonymous_0)","decl":{"start":{"line":7,"column":25},"end":{"line":7,"column":26}},"loc":{"start":{"line":7,"column":31},"end":{"line":58,"column":1}},"line":7},"1":{"name":"(anonymous_1)","decl":{"start":{"line":8,"column":42},"end":{"line":8,"column":43}},"loc":{"start":{"line":8,"column":48},"end":{"line":8,"column":61}},"line":8},"2":{"name":"(anonymous_2)","decl":{"start":{"line":10,"column":24},"end":{"line":10,"column":25}},"loc":{"start":{"line":10,"column":34},"end":{"line":12,"column":3}},"line":10},"3":{"name":"(anonymous_3)","decl":{"start":{"line":14,"column":20},"end":{"line":14,"column":21}},"loc":{"start":{"line":14,"column":36},"end":{"line":51,"column":3}},"line":14}},"branchMap":{"0":{"loc":{"start":{"line":15,"column":22},"end":{"line":15,"column":55}},"type":"cond-expr","locations":[{"start":{"line":15,"column":46},"end":{"line":15,"column":49}},{"start":{"line":15,"column":52},"end":{"line":15,"column":55}}],"line":15},"1":{"loc":{"start":{"line":23,"column":6},"end":{"line":47,"column":7}},"type":"if","locations":[{"start":{"line":23,"column":6},"end":{"line":47,"column":7}},{"start":{"line":23,"column":6},"end":{"line":47,"column":7}}],"line":23},"2":{"loc":{"start":{"line":23,"column":10},"end":{"line":23,"column":40}},"type":"binary-expr","locations":[{"start":{"line":23,"column":10},"end":{"line":23,"column":27}},{"start":{"line":23,"column":31},"end":{"line":23,"column":40}}],"line":23},"3":{"loc":{"start":{"line":26,"column":10},"end":{"line":28,"column":11}},"type":"if","locations":[{"start":{"line":26,"column":10},"end":{"line":28,"column":11}},{"start":{"line":26,"column":10},"end":{"line":28,"column":11}}],"line":26},"4":{"loc":{"start":{"line":31,"column":10},"end":{"line":33,"column":11}},"type":"if","locations":[{"start":{"line":31,"column":10},"end":{"line":33,"column":11}},{"start":{"line":31,"column":10},"end":{"line":33,"column":11}}],"line":31},"5":{"loc":{"start":{"line":35,"column":13},"end":{"line":47,"column":7}},"type":"if","locations":[{"start":{"line":35,"column":13},"end":{"line":47,"column":7}},{"start":{"line":35,"column":13},"end":{"line":47,"column":7}}],"line":35},"6":{"loc":{"start":{"line":35,"column":17},"end":{"line":35,"column":47}},"type":"binary-expr","locations":[{"start":{"line":35,"column":17},"end":{"line":35,"column":34}},{"start":{"line":35,"column":38},"end":{"line":35,"column":47}}],"line":35},"7":{"loc":{"start":{"line":38,"column":10},"end":{"line":40,"column":11}},"type":"if","locations":[{"start":{"line":38,"column":10},"end":{"line":40,"column":11}},{"start":{"line":38,"column":10},"end":{"line":40,"column":11}}],"line":38},"8":{"loc":{"start":{"line":43,"column":10},"end":{"line":45,"column":11}},"type":"if","locations":[{"start":{"line":43,"column":10},"end":{"line":45,"column":11}},{"start":{"line":43,"column":10},"end":{"line":45,"column":11}}],"line":43}},"s":{"0":1,"1":1,"2":10,"3":1,"4":1,"5":1,"6":1,"7":1,"8":1,"9":1,"10":1,"11":1,"12":0,"13":0,"14":0,"15":0,"16":0,"17":0,"18":0,"19":0,"20":1,"21":1,"22":1,"23":3,"24":0,"25":3,"26":3,"27":3,"28":1,"29":1,"30":1,"31":1},"f":{"0":1,"1":10,"2":0,"3":1},"b":{"0":[0,1],"1":[0,1],"2":[1,0],"3":[0,0],"4":[0,0],"5":[1,0],"6":[1,1],"7":[0,3],"8":[1,2]},"_coverageSchema":"43e27e138ebf9cfc5966b082cf9a028302ed4184","hash":"51708c4280075e0e06133a46d27b554b53241d68"}
,"/Users/pc/Documents/GitHub/battleship/src/helper.js": {"path":"/Users/pc/Documents/GitHub/battleship/src/helper.js","statementMap":{"0":{"start":{"line":1,"column":21},"end":{"line":1,"column":63}},"1":{"start":{"line":1,"column":30},"end":{"line":1,"column":63}},"2":{"start":{"line":3,"column":22},"end":{"line":6,"column":1}},"3":{"start":{"line":4,"column":21},"end":{"line":4,"column":57}},"4":{"start":{"line":5,"column":4},"end":{"line":5,"column":21}}},"fnMap":{"0":{"name":"(anonymous_0)","decl":{"start":{"line":1,"column":21},"end":{"line":1,"column":22}},"loc":{"start":{"line":1,"column":30},"end":{"line":1,"column":63}},"line":1},"1":{"name":"(anonymous_1)","decl":{"start":{"line":3,"column":22},"end":{"line":3,"column":23}},"loc":{"start":{"line":3,"column":28},"end":{"line":6,"column":1}},"line":3}},"branchMap":{},"s":{"0":1,"1":1,"2":1,"3":0,"4":0},"f":{"0":1,"1":0},"b":{},"_coverageSchema":"43e27e138ebf9cfc5966b082cf9a028302ed4184","hash":"af3f68ffdd3b721c3d8a479d8563845d58547541"}
,"/Users/pc/Documents/GitHub/battleship/src/shipFactory.js": {"path":"/Users/pc/Documents/GitHub/battleship/src/shipFactory.js","statementMap":{"0":{"start":{"line":1,"column":20},"end":{"line":17,"column":1}},"1":{"start":{"line":2,"column":22},"end":{"line":2,"column":24}},"2":{"start":{"line":3,"column":20},"end":{"line":3,"column":22}},"3":{"start":{"line":4,"column":14},"end":{"line":6,"column":3}},"4":{"start":{"line":5,"column":4},"end":{"line":5,"column":26}},"5":{"start":{"line":8,"column":17},"end":{"line":8,"column":50}},"6":{"start":{"line":8,"column":23},"end":{"line":8,"column":50}},"7":{"start":{"line":10,"column":2},"end":{"line":16,"column":4}}},"fnMap":{"0":{"name":"(anonymous_0)","decl":{"start":{"line":1,"column":20},"end":{"line":1,"column":21}},"loc":{"start":{"line":1,"column":32},"end":{"line":17,"column":1}},"line":1},"1":{"name":"(anonymous_1)","decl":{"start":{"line":4,"column":14},"end":{"line":4,"column":15}},"loc":{"start":{"line":4,"column":25},"end":{"line":6,"column":3}},"line":4},"2":{"name":"(anonymous_2)","decl":{"start":{"line":8,"column":17},"end":{"line":8,"column":18}},"loc":{"start":{"line":8,"column":23},"end":{"line":8,"column":50}},"line":8}},"branchMap":{},"s":{"0":1,"1":3,"2":3,"3":3,"4":3,"5":3,"6":2,"7":3},"f":{"0":3,"1":3,"2":2},"b":{},"_coverageSchema":"43e27e138ebf9cfc5966b082cf9a028302ed4184","hash":"13fa506c62f39d53d37dda1b5b90ef7ab55583ae"}
}
